[2026-02-26 18:35:59] [INFO] ============================================================
[2026-02-26 18:35:59] [INFO] 🎓 OpenClaw专属技能学习
[2026-02-26 18:35:59] [INFO] ============================================================
[2026-02-26 18:35:59] [INFO] ⏰ 当前时间: 18:35
[2026-02-26 18:35:59] [INFO] 📚 已学习技能: 35 个
[2026-02-26 18:35:59] [INFO] 📊 技能库总量: 48 个
[2026-02-26 18:35:59] [INFO]   → 已记录技能: 热点话题追踪
[2026-02-26 18:35:59] [INFO] 
[2026-02-26 18:35:59] [INFO] ============================================================
[2026-02-26 18:35:59] [INFO] 🎉 技能学习完成
[2026-02-26 18:35:59] [INFO] ============================================================
[2026-02-26 18:35:59] [INFO] 📚 技能: 热点话题追踪
[2026-02-26 18:35:59] [INFO] 📂 类别: ✍️ 内容创作
[2026-02-26 18:35:59] [INFO] ⭐ 优先级: ⭐⭐⭐⭐⭐
[2026-02-26 18:35:59] [INFO] 📝 描述: 实时追踪AI领域热点话题
[2026-02-26 18:35:59] [INFO] 
[2026-02-26 18:35:59] [INFO] 💡 这是专门为老鱼自媒体工作流定制的技能！
[2026-02-26 18:35:59] [INFO] ============================================================
[2026-02-26 18:36:02] [INFO]   → 已发送飞书通知
[2026-02-26 18:36:02] [INFO] 
✅ 完成！
