[2026-02-26 18:54:18] [INFO] ============================================================
[2026-02-26 18:54:18] [INFO] 🎓 官方OpenClaw技能学习
[2026-02-26 18:54:18] [INFO] ============================================================
[2026-02-26 18:54:18] [INFO] ⏰ 当前时间: 18:54
[2026-02-26 18:54:18] [INFO] 📥 获取官方技能列表...
[2026-02-26 18:54:19] [INFO] 📚 官方技能库: 2872 个技能
[2026-02-26 18:54:19] [INFO] ✅ 已学习: 36 个
[2026-02-26 18:54:19] [INFO] 📖 待学习: 2836 个
[2026-02-26 18:54:19] [INFO]   → 已记录技能: postproxy
[2026-02-26 18:54:19] [INFO] 
[2026-02-26 18:54:19] [INFO] ============================================================
[2026-02-26 18:54:19] [INFO] 🎉 技能学习完成
[2026-02-26 18:54:19] [INFO] ============================================================
[2026-02-26 18:54:19] [INFO] 📚 技能: postproxy
[2026-02-26 18:54:19] [INFO] 📂 类别: ✍️ 内容创作
[2026-02-26 18:54:19] [INFO] 📝 描述: Call PostProxy API to create and manage social media posts....
[2026-02-26 18:54:19] [INFO] 🔗 来源: 官方 awesome-openclaw-skills
[2026-02-26 18:54:19] [INFO] 
[2026-02-26 18:54:19] [INFO] 💡 安装命令:
[2026-02-26 18:54:19] [INFO]    npx clawhub@latest install postproxy
[2026-02-26 18:54:19] [INFO] 
[2026-02-26 18:54:19] [INFO] 📚 这是来自官方2868技能库的专业技能！
[2026-02-26 18:54:19] [INFO] ============================================================
[2026-02-26 18:54:23] [INFO]   → 已发送飞书通知
[2026-02-26 18:54:23] [INFO] 
✅ 完成！
